
/home/runner/work/exp-curved-surface-circular-iitb/exp-curved-surface-circular-iitb/experiment/simulation/common_libraries/js/ts_components/collapse_step.js
   1:10  warning  'show_step' is defined but never used                 no-unused-vars
   2:5   warning  '$' is not defined                                    no-undef
   3:9   warning  '$' is not defined                                    no-undef
   6:10  warning  'hide_step' is defined but never used                 no-unused-vars
   7:5   warning  '$' is not defined                                    no-undef
   8:9   warning  '$' is not defined                                    no-undef
  11:10  warning  'get_collapse_btn_text' is defined but never used     no-unused-vars
  20:10  warning  'get_collapse_btn_element' is defined but never used  no-unused-vars
  29:10  warning  'hide_all_steps' is defined but never used            no-unused-vars
  31:9   warning  '$' is not defined                                    no-undef

/home/runner/work/exp-curved-surface-circular-iitb/exp-curved-surface-circular-iitb/experiment/simulation/common_libraries/js/ts_components/matrix.js
   27:26  warning  'MathJax' is not defined                                no-undef
   32:7   warning  'Matrix_Without_String' is defined but never used       no-unused-vars
   52:26  warning  'MathJax' is not defined                                no-undef
   56:10  warning  'get_matrix_html' is defined but never used             no-unused-vars
   87:13  warning  'row_html' is assigned a value but never used           no-unused-vars
   99:10  warning  'get_matrix_html_with_title' is defined but never used  no-unused-vars
  131:13  warning  'row_html' is assigned a value but never used           no-unused-vars
  143:10  warning  'convert_2d_to_1d_vector' is defined but never used     no-unused-vars
  156:10  warning  'convert_1d_to_2d_matrix' is defined but never used     no-unused-vars

/home/runner/work/exp-curved-surface-circular-iitb/exp-curved-surface-circular-iitb/experiment/simulation/common_libraries/js/ts_components/pannel.js
  8:7  warning  'Pannel' is defined but never used  no-unused-vars

/home/runner/work/exp-curved-surface-circular-iitb/exp-curved-surface-circular-iitb/experiment/simulation/common_libraries/js/ts_components/questions.js
   6:17  warning  'op1' is assigned a value but never used      no-unused-vars
   7:17  warning  'op2' is assigned a value but never used      no-unused-vars
   8:17  warning  'op3' is assigned a value but never used      no-unused-vars
   9:17  warning  'op4' is assigned a value but never used      no-unused-vars
  94:7   warning  'Question_Options' is defined but never used  no-unused-vars

/home/runner/work/exp-curved-surface-circular-iitb/exp-curved-surface-circular-iitb/experiment/simulation/common_libraries/js/ts_components/tables.js
   19:22  warning  'verify_values' is not defined                                     no-undef
  137:22  warning  'verify_values' is not defined                                     no-undef
  260:7   warning  'Verify_Rows_Cols_6_decimal_places' is defined but never used      no-unused-vars
  311:22  warning  'verify_values' is not defined                                     no-undef
  416:7   warning  'Verify_Rows_Cols_Custom_Fixed_Update1' is defined but never used  no-unused-vars
  468:7   warning  'Show_Table_Custom_Fixed' is defined but never used                no-unused-vars
  506:7   warning  'Verify_Rows_Cols_Strings' is defined but never used               no-unused-vars
  527:22  warning  'verify_values' is not defined                                     no-undef
  663:7   warning  'Display_Table' is defined but never used                          no-unused-vars

/home/runner/work/exp-curved-surface-circular-iitb/exp-curved-surface-circular-iitb/experiment/simulation/common_libraries/js/ts_math_library/general_math_functions.js
    1:10  warning  'verify_values' is defined but never used                   no-unused-vars
   17:10  warning  'random1' is defined but never used                         no-unused-vars
   21:10  warning  'std_deviation' is defined but never used                   no-unused-vars
   26:10  warning  'gauss' is defined but never used                           no-unused-vars
   56:10  warning  'hide_panel' is defined but never used                      no-unused-vars
   63:10  warning  'inverse_matrix' is defined but never used                  no-unused-vars
   96:10  warning  'matrix_multiplication' is defined but never used           no-unused-vars
  113:10  warning  'transpose_matrix' is defined but never used                no-unused-vars
  123:10  warning  'matrix_multiplication_8decimal' is defined but never used  no-unused-vars
  140:10  warning  'adjoint_2x2_matrix' is defined but never used              no-unused-vars
  145:10  warning  'find_deteminant' is defined but never used                 no-unused-vars
  174:10  warning  'get_Submatrix' is defined but never used                   no-unused-vars

/home/runner/work/exp-curved-surface-circular-iitb/exp-curved-surface-circular-iitb/experiment/simulation/common_libraries/js/ts_math_library/regression.js
   1:10  warning  'regression_linear' is defined but never used            no-unused-vars
  18:10  warning  'regression_linear_1variable' is defined but never used  no-unused-vars
  27:10  warning  'regression_linear_2variable' is defined but never used  no-unused-vars
  52:11  warning  'gauss' is not defined                                   no-undef

/home/runner/work/exp-curved-surface-circular-iitb/exp-curved-surface-circular-iitb/experiment/simulation/common_libraries/math.ob.js
  1:745  warning  'b' is already defined  no-redeclare

/home/runner/work/exp-curved-surface-circular-iitb/exp-curved-surface-circular-iitb/experiment/simulation/js/activity1.js
   14:9    warning  'MathJax' is not defined                                     no-undef
   18:10   warning  'start_act1' is defined but never used                       no-unused-vars
   23:20   warning  'get_collapse_btn_text' is not defined                       no-undef
   33:151  warning  'r' is not defined                                           no-undef
   36:68   warning  'h' is not defined                                           no-undef
   44:19   warning  'r' is not defined                                           no-undef
   47:19   warning  'h' is not defined                                           no-undef
   56:25   warning  Unnecessary escape character: \×                             no-useless-escape
   67:5    warning  'hide_all_steps' is not defined                              no-undef
   69:9    warning  'MathJax' is not defined                                     no-undef
   72:9    warning  'show_step' is not defined                                   no-undef
   76:5    warning  'r' is not defined                                           no-undef
   77:5    warning  'h' is not defined                                           no-undef
   78:5    warning  'h_bar' is not defined                                       no-undef
   79:5    warning  'a' is not defined                                           no-undef
   80:5    warning  'fx' is not defined                                          no-undef
   81:5    warning  'fy' is not defined                                          no-undef
   82:5    warning  'Ig' is not defined                                          no-undef
   83:5    warning  'h_star' is not defined                                      no-undef
   84:5    warning  'F' is not defined                                           no-undef
   85:5    warning  'incli' is not defined                                       no-undef
   86:5    warning  'r' is not defined                                           no-undef
   86:20   warning  'random' is not defined                                      no-undef
   87:5    warning  'h' is not defined                                           no-undef
   87:20   warning  'random' is not defined                                      no-undef
   88:5    warning  'h_bar' is not defined                                       no-undef
   88:25   warning  'h' is not defined                                           no-undef
   88:29   warning  'r' is not defined                                           no-undef
   89:5    warning  'a' is not defined                                           no-undef
   89:9    warning  'r' is not defined                                           no-undef
   90:5    warning  'fx' is not defined                                          no-undef
   90:29   warning  'g' is not defined                                           no-undef
   90:33   warning  'a' is not defined                                           no-undef
   90:37   warning  'h_bar' is not defined                                       no-undef
   91:5    warning  'Ig' is not defined                                          no-undef
   91:31   warning  'r' is not defined                                           no-undef
   92:5    warning  'h_star' is not defined                                      no-undef
   92:26   warning  'Ig' is not defined                                          no-undef
   92:32   warning  'a' is not defined                                           no-undef
   92:36   warning  'h_bar' is not defined                                       no-undef
   92:45   warning  'h_bar' is not defined                                       no-undef
   93:5    warning  'fy' is not defined                                          no-undef
   93:29   warning  'g' is not defined                                           no-undef
   93:33   warning  'h' is not defined                                           no-undef
   93:37   warning  'r' is not defined                                           no-undef
   93:70   warning  'r' is not defined                                           no-undef
   94:5    warning  'F' is not defined                                           no-undef
   94:39   warning  'fx' is not defined                                          no-undef
   94:57   warning  'fy' is not defined                                          no-undef
   95:5    warning  'incli' is not defined                                       no-undef
   95:36   warning  'fy' is not defined                                          no-undef
   95:40   warning  'fx' is not defined                                          no-undef
   97:10   warning  'verify_a' is defined but never used                         no-unused-vars
   99:17   warning  'a' is not defined                                           no-undef
  100:10   warning  'verify_values' is not defined                               no-undef
  100:47   warning  'a' is not defined                                           no-undef
  115:16   warning  Unnecessary escape character: \×                             no-useless-escape
  115:29   warning  'a' is not defined                                           no-undef
  122:9    warning  'MathJax' is not defined                                     no-undef
  125:10   warning  'load_h_div' is defined but never used                       no-unused-vars
  144:9    warning  'MathJax' is not defined                                     no-undef
  147:10   warning  'verify_h_bar' is defined but never used                     no-unused-vars
  149:17   warning  'h_bar' is not defined                                       no-undef
  150:10   warning  'verify_values' is not defined                               no-undef
  150:47   warning  'h_bar' is not defined                                       no-undef
  164:42   warning  'h_bar' is not defined                                       no-undef
  171:9    warning  'MathJax' is not defined                                     no-undef
  174:10   warning  'load_horizontal_force' is defined but never used            no-unused-vars
  191:25   warning  Unnecessary escape character: \ρ                             no-useless-escape
  204:9    warning  'MathJax' is not defined                                     no-undef
  207:10   warning  'verify_resultant_x' is defined but never used               no-unused-vars
  209:17   warning  'fx' is not defined                                          no-undef
  210:10   warning  'verify_values' is not defined                               no-undef
  210:47   warning  'fx' is not defined                                          no-undef
  224:19   warning  Unnecessary escape character: \ρ                             no-useless-escape
  224:36   warning  'fx' is not defined                                          no-undef
  231:9    warning  'MathJax' is not defined                                     no-undef
  234:10   warning  'load_inertia_div' is defined but never used                 no-unused-vars
  261:9    warning  'MathJax' is not defined                                     no-undef
  264:10   warning  'verify_i' is defined but never used                         no-unused-vars
  266:17   warning  'Ig' is not defined                                          no-undef
  267:10   warning  'verify_values' is not defined                               no-undef
  267:47   warning  'Ig' is not defined                                          no-undef
  281:40   warning  'Ig' is not defined                                          no-undef
  288:9    warning  'MathJax' is not defined                                     no-undef
  291:10   warning  'load_depth_div' is defined but never used                   no-unused-vars
  318:9    warning  'MathJax' is not defined                                     no-undef
  321:10   warning  'verify_depth_centre_of_pressure' is defined but never used  no-unused-vars
  323:17   warning  'h_star' is not defined                                      no-undef
  324:10   warning  'verify_values' is not defined                               no-undef
  324:47   warning  'h_star' is not defined                                      no-undef
  338:57   warning  'h_star' is not defined                                      no-undef
  345:9    warning  'MathJax' is not defined                                     no-undef
  348:10   warning  'load_vertical_force' is defined but never used              no-unused-vars
  368:25   warning  Unnecessary escape character: \ρ                             no-useless-escape
  368:32   warning  Unnecessary escape character: \×                             no-useless-escape
  368:38   warning  Unnecessary escape character: \×                             no-useless-escape
  368:52   warning  Unnecessary escape character: \π                             no-useless-escape
  368:64   warning  Unnecessary escape character: \×                             no-useless-escape
  381:9    warning  'MathJax' is not defined                                     no-undef
  384:10   warning  'verify_resultant_y' is defined but never used               no-unused-vars
  386:17   warning  'fy' is not defined                                          no-undef
  387:10   warning  'verify_values' is not defined                               no-undef
  387:47   warning  'fy' is not defined                                          no-undef
  401:19   warning  Unnecessary escape character: \ρ                             no-useless-escape
  401:26   warning  Unnecessary escape character: \×                             no-useless-escape
  401:32   warning  Unnecessary escape character: \×                             no-useless-escape
  401:46   warning  Unnecessary escape character: \π                             no-useless-escape
  401:58   warning  Unnecessary escape character: \×                             no-useless-escape
  401:68   warning  'fy' is not defined                                          no-undef
  408:9    warning  'MathJax' is not defined                                     no-undef
  411:10   warning  'load_resultant_div' is defined but never used               no-unused-vars
  437:9    warning  'MathJax' is not defined                                     no-undef
  440:10   warning  'verify_resultant' is defined but never used                 no-unused-vars
  442:17   warning  'F' is not defined                                           no-undef
  443:10   warning  'verify_values' is not defined                               no-undef
  443:47   warning  'F' is not defined                                           no-undef
  457:51   warning  'F' is not defined                                           no-undef
  464:9    warning  'MathJax' is not defined                                     no-undef
  467:10   warning  'load_inclination' is defined but never used                 no-unused-vars
  480:19   warning  Unnecessary escape character: \θ                             no-useless-escape
  493:9    warning  'MathJax' is not defined                                     no-undef
  496:10   warning  'verify_inclination' is defined but never used               no-unused-vars
  498:17   warning  'incli' is not defined                                       no-undef
  499:10   warning  'verify_values' is not defined                               no-undef
  499:47   warning  'incli' is not defined                                       no-undef
  513:13   warning  Unnecessary escape character: \θ                             no-useless-escape
  513:62   warning  'incli' is not defined                                       no-undef
  513:69   warning  Unnecessary escape character: \°                             no-useless-escape
  520:9    warning  'MathJax' is not defined                                     no-undef
  523:10   warning  'exp_complete' is defined but never used                     no-unused-vars

/home/runner/work/exp-curved-surface-circular-iitb/exp-curved-surface-circular-iitb/experiment/simulation/js/data.js
   1:5  warning  'r' is assigned a value but never used  no-unused-vars
   2:5  warning  'h' is assigned a value but never used  no-unused-vars
   3:5  warning  'h_bar' is defined but never used       no-unused-vars
   4:5  warning  'a' is defined but never used           no-unused-vars
   5:5  warning  'fx' is defined but never used          no-unused-vars
   6:5  warning  'fy' is defined but never used          no-unused-vars
   7:5  warning  'Ig' is defined but never used          no-unused-vars
   8:5  warning  'h_star' is defined but never used      no-unused-vars
   9:5  warning  'F' is defined but never used           no-unused-vars
  10:5  warning  'incli' is defined but never used       no-unused-vars
  11:5  warning  'g' is assigned a value but never used  no-unused-vars

/home/runner/work/exp-curved-surface-circular-iitb/exp-curved-surface-circular-iitb/experiment/simulation/js/screen_size.js
  1:10  warning  'set_screen_size' is defined but never used  no-unused-vars

✖ 194 problems (0 errors, 194 warnings)

